[debug] [2022-11-28T15:37:51.637Z] ----------------------------------------------------------------------
[debug] [2022-11-28T15:37:51.639Z] Command:       C:\Program Files\nodejs\node.exe C:\Users\PpYCha\AppData\Roaming\npm\node_modules\firebase-tools\lib\bin\firebase.js init
[debug] [2022-11-28T15:37:51.639Z] CLI Version:   11.16.0
[debug] [2022-11-28T15:37:51.639Z] Platform:      win32
[debug] [2022-11-28T15:37:51.639Z] Node Version:  v16.14.0
[debug] [2022-11-28T15:37:51.644Z] Time:          Mon Nov 28 2022 23:37:51 GMT+0800 (Philippine Standard Time)
[debug] [2022-11-28T15:37:51.644Z] ----------------------------------------------------------------------
[debug] 
[debug] [2022-11-28T15:37:51.648Z] >>> [apiv2][query] GET https://firebase-public.firebaseio.com/cli.json [none]
[debug] [2022-11-28T15:37:51.735Z] > command requires scopes: ["email","openid","https://www.googleapis.com/auth/cloudplatformprojects.readonly","https://www.googleapis.com/auth/firebase","https://www.googleapis.com/auth/cloud-platform"]
[debug] [2022-11-28T15:37:51.735Z] > authorizing via signed-in user (smartjefreycoca@gmail.com)
[info] 
     ######## #### ########  ######## ########     ###     ######  ########
     ##        ##  ##     ## ##       ##     ##  ##   ##  ##       ##
     ######    ##  ########  ######   ########  #########  ######  ######
     ##        ##  ##    ##  ##       ##     ## ##     ##       ## ##
     ##       #### ##     ## ######## ########  ##     ##  ######  ########

You're about to initialize a Firebase project in this directory:

  C:\Users\PpYCha\source\React JS\water-ref-sta-web\frontend

Before we get started, keep in mind:

  * You are initializing within an existing Firebase project directory

[debug] [2022-11-28T15:37:52.558Z] <<< [apiv2][status] GET https://firebase-public.firebaseio.com/cli.json 200
[debug] [2022-11-28T15:37:52.558Z] <<< [apiv2][body] GET https://firebase-public.firebaseio.com/cli.json {"cloudBuildErrorAfter":1594252800000,"cloudBuildWarnAfter":1590019200000,"defaultNode10After":1594252800000,"minVersion":"3.0.5","node8DeploysDisabledAfter":1613390400000,"node8RuntimeDisabledAfter":1615809600000,"node8WarnAfter":1600128000000}
[info] 
=== Project Setup
[info] 
[info] First, let's associate this project directory with a Firebase project.
[info] You can create multiple project aliases by running firebase use --add, 
[info] but for now we'll just set up a default project.
[info] 
[debug] [2022-11-28T15:38:13.982Z] Using project from CLI flag: water-pos-60b3d
[debug] [2022-11-28T15:38:13.983Z] > refreshing access token with scopes: []
[debug] [2022-11-28T15:38:13.984Z] >>> [apiv2][query] POST https://www.googleapis.com/oauth2/v3/token [none]
[debug] [2022-11-28T15:38:13.984Z] >>> [apiv2][body] POST https://www.googleapis.com/oauth2/v3/token [omitted]
[debug] [2022-11-28T15:38:14.290Z] <<< [apiv2][status] POST https://www.googleapis.com/oauth2/v3/token 200
[debug] [2022-11-28T15:38:14.290Z] <<< [apiv2][body] POST https://www.googleapis.com/oauth2/v3/token [omitted]
[debug] [2022-11-28T15:38:14.297Z] >>> [apiv2][query] GET https://firebase.googleapis.com/v1beta1/projects/water-pos-60b3d [none]
[debug] [2022-11-28T15:38:15.064Z] <<< [apiv2][status] GET https://firebase.googleapis.com/v1beta1/projects/water-pos-60b3d 200
[debug] [2022-11-28T15:38:15.064Z] <<< [apiv2][body] GET https://firebase.googleapis.com/v1beta1/projects/water-pos-60b3d {"projectId":"water-pos-60b3d","projectNumber":"571664418101","displayName":"water-pos","name":"projects/water-pos-60b3d","resources":{"hostingSite":"water-pos-60b3d","storageBucket":"water-pos-60b3d.appspot.com","locationId":"asia-southeast1"},"state":"ACTIVE","etag":"1_af9ecb54-f1c6-4793-a953-a5e1a4b063cc"}
[info] i  Using project water-pos-60b3d (water-pos) 
[info] 
=== Hosting:github Setup
[info] 
[info] i  Detected a .git folder at C:\Users\PpYCha\source\React JS\water-ref-sta-web\frontend 
[info] i  Authorizing with GitHub to upload your service account to a GitHub repository's secrets store. 
[info] 
[info] Visit this URL on this device to log in:
[info] https://github.com/login/oauth/authorize?client_id=89cf50f02ac6aaed3484&state=116106199&redirect_uri=http%3A%2F%2Flocalhost%3A9005&scope=read%3Auser%20repo%20public_repo
[info] 
[info] Waiting for authentication...
[debug] [2022-11-28T15:38:49.876Z] >>> [apiv2][query] POST https://github.com/login/oauth/access_token [none]
[debug] [2022-11-28T15:38:49.876Z] >>> [apiv2][body] POST https://github.com/login/oauth/access_token [stream]
[debug] [2022-11-28T15:38:50.490Z] <<< [apiv2][status] POST https://github.com/login/oauth/access_token 200
[debug] [2022-11-28T15:38:50.490Z] <<< [apiv2][body] POST https://github.com/login/oauth/access_token {"access_token":"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","token_type":"bearer","scope":"read:user,repo"}
[debug] [2022-11-28T15:38:50.496Z] >>> [apiv2][query] GET https://api.github.com/user [none]
[debug] [2022-11-28T15:38:51.114Z] <<< [apiv2][status] GET https://api.github.com/user 200
[debug] [2022-11-28T15:38:51.114Z] <<< [apiv2][body] GET https://api.github.com/user {"login":"PpYCha","id":21020047,"node_id":"MDQ6VXNlcjIxMDIwMDQ3","avatar_url":"https://avatars.githubusercontent.com/u/21020047?v=4","gravatar_id":"","url":"https://api.github.com/users/PpYCha","html_url":"https://github.com/PpYCha","followers_url":"https://api.github.com/users/PpYCha/followers","following_url":"https://api.github.com/users/PpYCha/following{/other_user}","gists_url":"https://api.github.com/users/PpYCha/gists{/gist_id}","starred_url":"https://api.github.com/users/PpYCha/starred{/owner}{/repo}","subscriptions_url":"https://api.github.com/users/PpYCha/subscriptions","organizations_url":"https://api.github.com/users/PpYCha/orgs","repos_url":"https://api.github.com/users/PpYCha/repos","events_url":"https://api.github.com/users/PpYCha/events{/privacy}","received_events_url":"https://api.github.com/users/PpYCha/received_events","type":"User","site_admin":false,"name":null,"company":null,"blog":"","location":null,"email":null,"hireable":true,"bio":null,"twitter_username":null,"public_repos":31,"public_gists":0,"followers":1,"following":2,"created_at":"2016-08-14T09:42:20Z","updated_at":"2022-10-08T10:25:26Z","private_gists":0,"total_private_repos":7,"owned_private_repos":7,"disk_usage":203050,"collaborators":2,"two_factor_authentication":false,"plan":{"name":"free","space":976562499,"collaborators":0,"private_repos":10000}}
[info] 
[info] +  Success! Logged into GitHub as PpYCha 
[info] 
[debug] [2022-11-28T15:56:35.165Z] >>> [apiv2][query] GET https://api.github.com/repos/https://github.com/PpYCha/watter-ref-sta-web-frontend/tree/master/src/actions/secrets/public-key type=owner
[debug] [2022-11-28T15:56:36.071Z] <<< [apiv2][status] GET https://api.github.com/repos/https://github.com/PpYCha/watter-ref-sta-web-frontend/tree/master/src/actions/secrets/public-key 404
[debug] [2022-11-28T15:56:36.071Z] <<< [apiv2][body] GET https://api.github.com/repos/https://github.com/PpYCha/watter-ref-sta-web-frontend/tree/master/src/actions/secrets/public-key {"message":"Not Found","documentation_url":"https://docs.github.com/rest"}
[debug] [2022-11-28T15:56:36.720Z] >>> [apiv2][query] GET https://api.github.com/repos/https://github.com/PpYCha/watter-ref-sta-web-frontend/tree/master/src/actions/secrets/public-key type=owner
[debug] [2022-11-28T15:56:38.394Z] <<< [apiv2][status] GET https://api.github.com/repos/https://github.com/PpYCha/watter-ref-sta-web-frontend/tree/master/src/actions/secrets/public-key 404
[debug] [2022-11-28T15:56:38.394Z] <<< [apiv2][body] GET https://api.github.com/repos/https://github.com/PpYCha/watter-ref-sta-web-frontend/tree/master/src/actions/secrets/public-key {"message":"Not Found","documentation_url":"https://docs.github.com/rest"}
[debug] [2022-11-28T15:56:50.522Z] >>> [apiv2][query] GET https://api.github.com/repos/PpYCha/watter-ref-sta-web-frontend/tree/master/src/actions/secrets/public-key type=owner
[debug] [2022-11-28T15:56:50.979Z] <<< [apiv2][status] GET https://api.github.com/repos/PpYCha/watter-ref-sta-web-frontend/tree/master/src/actions/secrets/public-key 404
[debug] [2022-11-28T15:56:50.979Z] <<< [apiv2][body] GET https://api.github.com/repos/PpYCha/watter-ref-sta-web-frontend/tree/master/src/actions/secrets/public-key {"message":"Not Found","documentation_url":"https://docs.github.com/rest"}
[debug] [2022-11-28T15:56:53.514Z] >>> [apiv2][query] GET https://api.github.com/repos/PpYCha/watter-ref-sta-web-frontend/tree/master/src/actions/secrets/public-key type=owner
[debug] [2022-11-28T15:56:53.995Z] <<< [apiv2][status] GET https://api.github.com/repos/PpYCha/watter-ref-sta-web-frontend/tree/master/src/actions/secrets/public-key 404
[debug] [2022-11-28T15:56:53.995Z] <<< [apiv2][body] GET https://api.github.com/repos/PpYCha/watter-ref-sta-web-frontend/tree/master/src/actions/secrets/public-key {"message":"Not Found","documentation_url":"https://docs.github.com/rest"}
[debug] [2022-11-28T15:56:55.099Z] >>> [apiv2][query] GET https://api.github.com/repos/PpYCha/watter-ref-sta-web-frontend/tree/master/src/actions/secrets/public-key type=owner
[debug] [2022-11-28T15:56:55.595Z] <<< [apiv2][status] GET https://api.github.com/repos/PpYCha/watter-ref-sta-web-frontend/tree/master/src/actions/secrets/public-key 404
[debug] [2022-11-28T15:56:55.596Z] <<< [apiv2][body] GET https://api.github.com/repos/PpYCha/watter-ref-sta-web-frontend/tree/master/src/actions/secrets/public-key {"message":"Not Found","documentation_url":"https://docs.github.com/rest"}
[debug] [2022-11-28T15:56:58.856Z] >>> [apiv2][query] GET https://api.github.com/repos/PpYCha/watter-ref-sta-web-frontend/tree/master/src/actions/secrets/public-key type=owner
[debug] [2022-11-28T15:57:06.761Z] <<< [apiv2][status] GET https://api.github.com/repos/PpYCha/watter-ref-sta-web-frontend/tree/master/src/actions/secrets/public-key 404
[debug] [2022-11-28T15:57:06.761Z] <<< [apiv2][body] GET https://api.github.com/repos/PpYCha/watter-ref-sta-web-frontend/tree/master/src/actions/secrets/public-key {"message":"Not Found","documentation_url":"https://docs.github.com/rest"}
[debug] [2022-11-28T15:57:22.098Z] >>> [apiv2][query] GET https://api.github.com/repos/PpYCha/watter-ref-sta-web-frontend/tree/master/src/actions/secrets/public-key type=owner
[debug] [2022-11-28T15:57:23.084Z] <<< [apiv2][status] GET https://api.github.com/repos/PpYCha/watter-ref-sta-web-frontend/tree/master/src/actions/secrets/public-key 404
[debug] [2022-11-28T15:57:23.084Z] <<< [apiv2][body] GET https://api.github.com/repos/PpYCha/watter-ref-sta-web-frontend/tree/master/src/actions/secrets/public-key {"message":"Not Found","documentation_url":"https://docs.github.com/rest"}
[debug] [2022-11-28T15:57:26.409Z] >>> [apiv2][query] GET https://api.github.com/repos/ PpYCha/watter-ref-sta-web-frontend/tree/master/src/actions/secrets/public-key type=owner
[debug] [2022-11-28T15:57:27.306Z] <<< [apiv2][status] GET https://api.github.com/repos/ PpYCha/watter-ref-sta-web-frontend/tree/master/src/actions/secrets/public-key 404
[debug] [2022-11-28T15:57:27.306Z] <<< [apiv2][body] GET https://api.github.com/repos/ PpYCha/watter-ref-sta-web-frontend/tree/master/src/actions/secrets/public-key {"message":"Not Found","documentation_url":"https://docs.github.com/rest"}
